-------------------------------------------------------------------------------
Test set: com.vytrack.runners.CukesRunner
-------------------------------------------------------------------------------
Tests run: 3, Failures: 1, Errors: 0, Skipped: 0, Time elapsed: 75.748 s <<< FAILURE! - in com.vytrack.runners.CukesRunner
Sales manager(Account types)  Time elapsed: 23.948 s  <<< FAILURE!
java.lang.AssertionError

